<?xml version="1.0" encoding="UTF-8"?>
<!-- Generated by org.testng.reporters.JUnitReportReporter -->
<testsuite hostname="DESKTOP-ISR0UJ6" failures="0" tests="1" name="testcases.TestCases" time="9.017" errors="0" timestamp="11 Jul 2021 04:09:52 GMT" skipped="0">
  <testcase classname="testcases.TestCases" name="tcCalculatePercentage" time="9.017"/>
</testsuite> <!-- testcases.TestCases -->
